0 info it worked if it ends with ok
1 verbose cli [ '/usr/local/bin/node',
1 verbose cli   '/usr/local/bin/npm',
1 verbose cli   'install',
1 verbose cli   '-g',
1 verbose cli   'coffee-script' ]
2 info using npm@1.2.2
3 info using node@v0.8.18
4 verbose read json /usr/local/lib/package.json
5 verbose read json /usr/local/lib/package.json
6 verbose cache add [ 'coffee-script', null ]
7 verbose cache add name=undefined spec="coffee-script" args=["coffee-script",null]
8 verbose parsed url { pathname: 'coffee-script',
8 verbose parsed url   path: 'coffee-script',
8 verbose parsed url   href: 'coffee-script' }
9 silly lockFile ab358269-coffee-script coffee-script
10 verbose lock coffee-script /home/grimmjaw/.npm/ab358269-coffee-script.lock
11 silly lockFile ab358269-coffee-script coffee-script
12 verbose addNamed [ 'coffee-script', '' ]
13 verbose addNamed [ null, '' ]
14 silly lockFile 53951495-coffee-script coffee-script@
15 verbose lock coffee-script@ /home/grimmjaw/.npm/53951495-coffee-script.lock
16 silly addNameRange { name: 'coffee-script', range: '', hasData: false }
17 verbose url raw coffee-script
18 verbose url resolving [ 'https://registry.npmjs.org/', './coffee-script' ]
19 verbose url resolved https://registry.npmjs.org/coffee-script
20 info trying registry request attempt 1 at 16:02:54
21 http GET https://registry.npmjs.org/coffee-script
22 http 200 https://registry.npmjs.org/coffee-script
23 silly registry.get cb [ 200,
23 silly registry.get   { vary: 'Accept',
23 silly registry.get     server: 'CouchDB/1.2.1 (Erlang OTP/R15B)',
23 silly registry.get     etag: '"9QWU5NDLFIVI461SF4QZ3NA70"',
23 silly registry.get     date: 'Sun, 03 Feb 2013 00:01:09 GMT',
23 silly registry.get     'content-type': 'application/json',
23 silly registry.get     'content-length': '21260' } ]
24 silly addNameRange number 2 { name: 'coffee-script', range: '', hasData: true }
25 silly addNameRange versions [ 'coffee-script',
25 silly addNameRange   [ '0.7.0',
25 silly addNameRange     '0.7.1',
25 silly addNameRange     '0.7.2',
25 silly addNameRange     '0.9.0',
25 silly addNameRange     '0.9.1',
25 silly addNameRange     '0.9.2',
25 silly addNameRange     '0.9.3',
25 silly addNameRange     '0.9.4',
25 silly addNameRange     '0.9.5',
25 silly addNameRange     '0.9.6',
25 silly addNameRange     '1.0.0',
25 silly addNameRange     '1.0.1',
25 silly addNameRange     '1.1.0',
25 silly addNameRange     '1.1.1',
25 silly addNameRange     '1.1.2',
25 silly addNameRange     '1.1.3',
25 silly addNameRange     '1.2.0',
25 silly addNameRange     '1.3.0',
25 silly addNameRange     '1.3.1',
25 silly addNameRange     '1.3.2',
25 silly addNameRange     '1.3.3',
25 silly addNameRange     '1.4.0' ] ]
26 verbose addNamed [ 'coffee-script', '1.4.0' ]
27 verbose addNamed [ '1.4.0', '1.4.0' ]
28 silly lockFile 0c6dfe35-coffee-script-1-4-0 coffee-script@1.4.0
29 verbose lock coffee-script@1.4.0 /home/grimmjaw/.npm/0c6dfe35-coffee-script-1-4-0.lock
30 silly lockFile 621dbbe5-e-script-coffee-script-1-4-0-tgz https://registry.npmjs.org/coffee-script/-/coffee-script-1.4.0.tgz
31 verbose lock https://registry.npmjs.org/coffee-script/-/coffee-script-1.4.0.tgz /home/grimmjaw/.npm/621dbbe5-e-script-coffee-script-1-4-0-tgz.lock
32 verbose addRemoteTarball [ 'https://registry.npmjs.org/coffee-script/-/coffee-script-1.4.0.tgz',
32 verbose addRemoteTarball   '5e3bc8aac26c01a8e27bf107722c5655f5ad7d36' ]
33 info retry fetch attempt 1 at 16:02:55
34 verbose fetch to= /home/grimmjaw/tmp/npm-24866/1359849775658-0.47130431281402707/tmp.tgz
35 http GET https://registry.npmjs.org/coffee-script/-/coffee-script-1.4.0.tgz
36 http 200 https://registry.npmjs.org/coffee-script/-/coffee-script-1.4.0.tgz
37 silly shasum updated bytes 40960
38 silly shasum updated bytes 27314
39 info shasum 5e3bc8aac26c01a8e27bf107722c5655f5ad7d36
39 info shasum /home/grimmjaw/tmp/npm-24866/1359849775658-0.47130431281402707/tmp.tgz
40 verbose tar unpack /home/grimmjaw/tmp/npm-24866/1359849775658-0.47130431281402707/tmp.tgz
41 silly lockFile acc4b13e-5658-0-47130431281402707-package /home/grimmjaw/tmp/npm-24866/1359849775658-0.47130431281402707/package
42 verbose lock /home/grimmjaw/tmp/npm-24866/1359849775658-0.47130431281402707/package /home/grimmjaw/.npm/acc4b13e-5658-0-47130431281402707-package.lock
43 silly gunzTarPerm modes [ '755', '644' ]
44 silly gunzTarPerm extractEntry package.json
45 silly gunzTarPerm extractEntry .npmignore
46 silly gunzTarPerm extractEntry README
47 silly gunzTarPerm extractEntry LICENSE
48 silly gunzTarPerm extractEntry bin/cake
49 silly gunzTarPerm extractEntry bin/coffee
50 silly gunzTarPerm extractEntry CNAME
51 silly gunzTarPerm extractEntry CONTRIBUTING.md
52 silly gunzTarPerm extractEntry extras/jsl.conf
53 silly gunzTarPerm extractEntry lib/coffee-script/browser.js
54 silly gunzTarPerm extractEntry lib/coffee-script/command.js
55 silly gunzTarPerm extractEntry lib/coffee-script/grammar.js
56 silly gunzTarPerm extractEntry lib/coffee-script/helpers.js
57 silly gunzTarPerm extractEntry lib/coffee-script/index.js
58 silly gunzTarPerm extractEntry lib/coffee-script/coffee-script.js
59 silly gunzTarPerm extractEntry lib/coffee-script/nodes.js
60 silly gunzTarPerm extractEntry lib/coffee-script/optparse.js
61 silly gunzTarPerm extractEntry lib/coffee-script/parser.js
62 silly gunzTarPerm extractEntry lib/coffee-script/repl.js
63 silly gunzTarPerm extractEntry lib/coffee-script/rewriter.js
64 silly gunzTarPerm extractEntry lib/coffee-script/cake.js
65 silly gunzTarPerm extractEntry lib/coffee-script/scope.js
66 silly gunzTarPerm extractEntry lib/coffee-script/lexer.js
67 silly gunzTarPerm extractEntry Rakefile
68 verbose read json /home/grimmjaw/tmp/npm-24866/1359849775658-0.47130431281402707/package/package.json
69 silly lockFile acc4b13e-5658-0-47130431281402707-package /home/grimmjaw/tmp/npm-24866/1359849775658-0.47130431281402707/package
70 verbose from cache /home/grimmjaw/tmp/npm-24866/1359849775658-0.47130431281402707/package/package.json
71 verbose tar pack [ '/home/grimmjaw/.npm/coffee-script/1.4.0/package.tgz',
71 verbose tar pack   '/home/grimmjaw/tmp/npm-24866/1359849775658-0.47130431281402707/package' ]
72 verbose tarball /home/grimmjaw/.npm/coffee-script/1.4.0/package.tgz
73 verbose folder /home/grimmjaw/tmp/npm-24866/1359849775658-0.47130431281402707/package
74 silly lockFile 12e93629--coffee-script-1-4-0-package-tgz /home/grimmjaw/.npm/coffee-script/1.4.0/package.tgz
75 verbose lock /home/grimmjaw/.npm/coffee-script/1.4.0/package.tgz /home/grimmjaw/.npm/12e93629--coffee-script-1-4-0-package-tgz.lock
76 silly lockFile 12e93629--coffee-script-1-4-0-package-tgz /home/grimmjaw/.npm/coffee-script/1.4.0/package.tgz
77 silly lockFile 87693b06--npm-coffee-script-1-4-0-package /home/grimmjaw/.npm/coffee-script/1.4.0/package
78 verbose lock /home/grimmjaw/.npm/coffee-script/1.4.0/package /home/grimmjaw/.npm/87693b06--npm-coffee-script-1-4-0-package.lock
79 silly lockFile 87693b06--npm-coffee-script-1-4-0-package /home/grimmjaw/.npm/coffee-script/1.4.0/package
80 verbose tar unpack /home/grimmjaw/.npm/coffee-script/1.4.0/package.tgz
81 silly lockFile 87693b06--npm-coffee-script-1-4-0-package /home/grimmjaw/.npm/coffee-script/1.4.0/package
82 verbose lock /home/grimmjaw/.npm/coffee-script/1.4.0/package /home/grimmjaw/.npm/87693b06--npm-coffee-script-1-4-0-package.lock
83 silly gunzTarPerm modes [ '755', '644' ]
84 silly gunzTarPerm extractEntry package.json
85 silly gunzTarPerm extractEntry .npmignore
86 silly gunzTarPerm extractEntry README
87 silly gunzTarPerm extractEntry LICENSE
88 silly gunzTarPerm extractEntry Rakefile
89 silly gunzTarPerm extractEntry lib/coffee-script/grammar.js
90 silly gunzTarPerm extractEntry lib/coffee-script/scope.js
91 silly gunzTarPerm extractEntry lib/coffee-script/command.js
92 silly gunzTarPerm extractEntry lib/coffee-script/optparse.js
93 silly gunzTarPerm extractEntry lib/coffee-script/lexer.js
94 silly gunzTarPerm extractEntry lib/coffee-script/parser.js
95 silly gunzTarPerm extractEntry lib/coffee-script/rewriter.js
96 silly gunzTarPerm extractEntry lib/coffee-script/cake.js
97 silly gunzTarPerm extractEntry lib/coffee-script/repl.js
98 silly gunzTarPerm extractEntry lib/coffee-script/coffee-script.js
99 silly gunzTarPerm extractEntry lib/coffee-script/browser.js
100 silly gunzTarPerm extractEntry lib/coffee-script/index.js
101 silly gunzTarPerm extractEntry lib/coffee-script/nodes.js
102 silly gunzTarPerm extractEntry lib/coffee-script/helpers.js
103 silly gunzTarPerm extractEntry CONTRIBUTING.md
104 silly gunzTarPerm extractEntry extras/jsl.conf
105 silly gunzTarPerm extractEntry CNAME
106 silly gunzTarPerm extractEntry bin/cake
107 silly gunzTarPerm extractEntry bin/coffee
108 verbose read json /home/grimmjaw/.npm/coffee-script/1.4.0/package/package.json
109 silly lockFile 87693b06--npm-coffee-script-1-4-0-package /home/grimmjaw/.npm/coffee-script/1.4.0/package
110 silly shasum updated bytes 40960
111 silly shasum updated bytes 27973
112 info shasum c2d39280509f67b91f60a1bb62ef5a0d343809b0
112 info shasum /home/grimmjaw/.npm/coffee-script/1.4.0/package.tgz
113 verbose from cache /home/grimmjaw/.npm/coffee-script/1.4.0/package/package.json
114 verbose chmod /home/grimmjaw/.npm/coffee-script/1.4.0/package.tgz 644
115 verbose chown /home/grimmjaw/.npm/coffee-script/1.4.0/package.tgz [ 1000, 1000 ]
116 silly lockFile 621dbbe5-e-script-coffee-script-1-4-0-tgz https://registry.npmjs.org/coffee-script/-/coffee-script-1.4.0.tgz
117 silly lockFile 0c6dfe35-coffee-script-1-4-0 coffee-script@1.4.0
118 silly lockFile 53951495-coffee-script coffee-script@
119 silly resolved [ { name: 'coffee-script',
119 silly resolved     description: 'Unfancy JavaScript',
119 silly resolved     keywords: [ 'javascript', 'language', 'coffeescript', 'compiler' ],
119 silly resolved     author: { name: 'Jeremy Ashkenas' },
119 silly resolved     version: '1.4.0',
119 silly resolved     licenses: [ [Object] ],
119 silly resolved     engines: { node: '>=0.4.0' },
119 silly resolved     directories: { lib: './lib/coffee-script' },
119 silly resolved     main: './lib/coffee-script/coffee-script',
119 silly resolved     bin: { coffee: './bin/coffee', cake: './bin/cake' },
119 silly resolved     scripts: { test: 'node ./bin/cake test' },
119 silly resolved     homepage: 'http://coffeescript.org',
119 silly resolved     bugs: 'https://github.com/jashkenas/coffee-script/issues',
119 silly resolved     repository:
119 silly resolved      { type: 'git',
119 silly resolved        url: 'git://github.com/jashkenas/coffee-script.git' },
119 silly resolved     devDependencies: { 'uglify-js': '>=1.0.0', jison: '>=0.2.0' },
119 silly resolved     readme: '\n            {\n         }   }   {\n        {   {  }  }\n         }   }{  {\n        {  }{  }  }                    _____       __  __\n       ( }{ }{  { )                   / ____|     / _|/ _|\n     .- { { }  { }} -.               | |     ___ | |_| |_ ___  ___\n    (  ( } { } { } }  )              | |    / _ \\|  _|  _/ _ \\/ _ \\\n    |`-..________ ..-\'|              | |___| (_) | | | ||  __/  __/\n    |                 |               \\_____\\___/|_| |_| \\___|\\___|\n    |                 ;--.\n    |                (__  \\            _____           _       _\n    |                 | )  )          / ____|         (_)     | |\n    |                 |/  /          | (___   ___ _ __ _ _ __ | |_\n    |                 (  /            \\___ \\ / __| \'__| | \'_ \\| __|\n    |                 |/              ____) | (__| |  | | |_) | |_\n    |                 |              |_____/ \\___|_|  |_| .__/ \\__|\n     `-.._________..-\'                                  | |\n                                                        |_|\n\n\n  CoffeeScript is a little language that compiles into JavaScript.\n\n  Install Node.js, and then the CoffeeScript compiler:\n  sudo bin/cake install\n\n  Or, if you have the Node Package Manager installed:\n  npm install -g coffee-script\n  (Leave off the -g if you don\'t wish to install globally.)\n\n  Execute a script:\n  coffee /path/to/script.coffee\n\n  Compile a script:\n  coffee -c /path/to/script.coffee\n\n  For documentation, usage, and examples, see:\n  http://coffeescript.org/\n\n  To suggest a feature, report a bug, or general discussion:\n  http://github.com/jashkenas/coffee-script/issues/\n\n  If you\'d like to chat, drop by #coffeescript on Freenode IRC,\n  or on webchat.freenode.net.\n\n  The source repository:\n  git://github.com/jashkenas/coffee-script.git\n\n  All contributors are listed here:\n  http://github.com/jashkenas/coffee-script/contributors\n',
119 silly resolved     readmeFilename: 'README',
119 silly resolved     _id: 'coffee-script@1.4.0',
119 silly resolved     dist: { shasum: 'c2d39280509f67b91f60a1bb62ef5a0d343809b0' },
119 silly resolved     _from: 'coffee-script@',
119 silly resolved     _resolved: 'https://registry.npmjs.org/coffee-script/-/coffee-script-1.4.0.tgz' } ]
120 info install coffee-script@1.4.0 into /usr/local/lib
121 info installOne coffee-script@1.4.0
122 verbose from cache /home/grimmjaw/.npm/coffee-script/1.4.0/package/package.json
123 info /usr/local/lib/node_modules/coffee-script unbuild
124 verbose read json /usr/local/lib/node_modules/coffee-script/package.json
125 info preuninstall coffee-script@1.4.0
126 info uninstall coffee-script@1.4.0
127 verbose true,/usr/local/lib/node_modules,/usr/local/lib/node_modules unbuild coffee-script@1.4.0
128 verbose /usr/local/bin,[object Object] binRoot
129 info /usr/local/lib/node_modules/coffee-script unbuild
130 verbose read json /usr/local/lib/node_modules/coffee-script/package.json
131 info preuninstall coffee-script@1.4.0
132 info uninstall coffee-script@1.4.0
133 verbose true,/usr/local/lib/node_modules,/usr/local/lib/node_modules unbuild coffee-script@1.4.0
134 verbose /usr/local/bin,[object Object] binRoot
135 error error rolling back Error: EACCES, unlink '/usr/local/bin/coffee'
135 error error rolling back  coffee-script@1.4.0 { [Error: EACCES, unlink '/usr/local/bin/coffee'] errno: 3, code: 'EACCES', path: '/usr/local/bin/coffee' }
136 error Error: EACCES, unlink '/usr/local/bin/coffee'
136 error  { [Error: EACCES, unlink '/usr/local/bin/coffee'] errno: 3, code: 'EACCES', path: '/usr/local/bin/coffee' }
137 error Please try running this command again as root/Administrator.
138 error System Linux 3.2.0-4-amd64
139 error command "/usr/local/bin/node" "/usr/local/bin/npm" "install" "-g" "coffee-script"
140 error cwd /home/grimmjaw/documents/projects/Crafty-Tiled-Map-Importer
141 error node -v v0.8.18
142 error npm -v 1.2.2
143 error path /usr/local/bin/coffee
144 error code EACCES
145 error errno 3
146 error stack Error: EACCES, unlink '/usr/local/bin/coffee'
147 verbose exit [ 3, true ]
